<?xml version="1.0" encoding="UTF-8"?>
<!-- Generated by org.testng.reporters.JUnitReportReporter -->
<testsuite hostname="ANBU" failures="0" tests="4" name="tests.TC_003_AddContactTest" time="51.266" errors="0" timestamp="2025-08-13T23:26:09 IST" skipped="0">
  <testcase classname="tests.TC_003_AddContactTest" name="addContactTest" time="14.458"/>
  <testcase classname="tests.TC_003_AddContactTest" name="addContactTest" time="9.283"/>
  <testcase classname="tests.TC_003_AddContactTest" name="addContactTest" time="10.833"/>
  <testcase classname="tests.TC_003_AddContactTest" name="addContactTest" time="16.692"/>
</testsuite> <!-- tests.TC_003_AddContactTest -->
