<?xml version="1.0" encoding="UTF-8"?>
<!-- Generated by org.testng.reporters.JUnitReportReporter -->
<testsuite hostname="ANBU" failures="0" tests="3" name="tests.TC_004_EditContactTest" time="66.986" errors="0" timestamp="2025-08-13T23:26:09 IST" skipped="0">
  <testcase classname="tests.TC_004_EditContactTest" name="editlastname" time="21.927"/>
  <testcase classname="tests.TC_004_EditContactTest" name="editContactTest" time="22.974"/>
  <testcase classname="tests.TC_004_EditContactTest" name="editcancel" time="22.085"/>
</testsuite> <!-- tests.TC_004_EditContactTest -->
