<?xml version="1.0" encoding="UTF-8"?>
<!-- Generated by org.testng.reporters.JUnitReportReporter -->
<testsuite hostname="ANBU" failures="0" tests="4" name="tests.TC_002_SignUpTest" time="17.980" errors="0" timestamp="2025-09-22T17:27:08 IST" skipped="0">
  <testcase classname="tests.TC_002_SignUpTest" name="signUpTest" time="4.453"/>
  <testcase classname="tests.TC_002_SignUpTest" name="signUpTest" time="4.407"/>
  <testcase classname="tests.TC_002_SignUpTest" name="signUpTest" time="4.588"/>
  <testcase classname="tests.TC_002_SignUpTest" name="signUpTest" time="4.532"/>
</testsuite> <!-- tests.TC_002_SignUpTest -->
