<?xml version="1.0" encoding="UTF-8"?>
<!-- Generated by org.testng.reporters.JUnitReportReporter -->
<testsuite hostname="ANBU" failures="0" tests="4" name="tests.TC_001_LoginTest" time="16.242" errors="0" timestamp="2025-09-22T17:27:08 IST" skipped="0">
  <testcase classname="tests.TC_001_LoginTest" name="loginTest" time="5.209"/>
  <testcase classname="tests.TC_001_LoginTest" name="loginTest" time="3.400"/>
  <testcase classname="tests.TC_001_LoginTest" name="loginTest" time="3.850"/>
  <testcase classname="tests.TC_001_LoginTest" name="loginTest" time="3.783"/>
</testsuite> <!-- tests.TC_001_LoginTest -->
