<?xml version="1.0" encoding="UTF-8"?>
<!-- Generated by org.testng.reporters.JUnitReportReporter -->
<testsuite hostname="ANBU" failures="0" tests="4" name="tests.TC_001_LoginTest" time="22.089" errors="0" timestamp="2025-08-13T23:26:09 IST" skipped="0">
  <testcase classname="tests.TC_001_LoginTest" name="loginTest" time="6.113"/>
  <testcase classname="tests.TC_001_LoginTest" name="loginTest" time="4.675"/>
  <testcase classname="tests.TC_001_LoginTest" name="loginTest" time="5.902"/>
  <testcase classname="tests.TC_001_LoginTest" name="loginTest" time="5.399"/>
</testsuite> <!-- tests.TC_001_LoginTest -->
