<?xml version="1.0" encoding="UTF-8"?>
<!-- Generated by org.testng.reporters.JUnitReportReporter -->
<testsuite hostname="ANBU" failures="0" tests="4" name="tests.TC_002_SignUpTest" time="27.375" errors="0" timestamp="2025-08-13T23:26:09 IST" skipped="0">
  <testcase classname="tests.TC_002_SignUpTest" name="signUpTest" time="5.382"/>
  <testcase classname="tests.TC_002_SignUpTest" name="signUpTest" time="6.090"/>
  <testcase classname="tests.TC_002_SignUpTest" name="signUpTest" time="9.861"/>
  <testcase classname="tests.TC_002_SignUpTest" name="signUpTest" time="6.042"/>
</testsuite> <!-- tests.TC_002_SignUpTest -->
