<?xml version="1.0" encoding="UTF-8"?>
<!-- Generated by org.testng.reporters.JUnitReportReporter -->
<testsuite hostname="ANBU" failures="0" tests="5" name="tests.TC_006_NavigationTest" time="41.794" errors="0" timestamp="2025-08-13T23:26:09 IST" skipped="0">
  <testcase classname="tests.TC_006_NavigationTest" name="NavigationTest" time="8.066"/>
  <testcase classname="tests.TC_006_NavigationTest" name="ActionButtonsVisibility" time="4.435"/>
  <testcase classname="tests.TC_006_NavigationTest" name="AddContactNavTest" time="13.126"/>
  <testcase classname="tests.TC_006_NavigationTest" name="EditContactNavTest" time="9.846"/>
  <testcase classname="tests.TC_006_NavigationTest" name="Logotest" time="6.321"/>
</testsuite> <!-- tests.TC_006_NavigationTest -->
