<?xml version="1.0" encoding="UTF-8"?>
<!-- Generated by org.testng.reporters.JUnitReportReporter -->
<testsuite hostname="ANBU" failures="0" tests="3" name="tests.TC_004_EditContactTest" time="49.033" errors="0" timestamp="2025-09-22T17:27:08 IST" skipped="0">
  <testcase classname="tests.TC_004_EditContactTest" name="editlastname" time="12.429"/>
  <testcase classname="tests.TC_004_EditContactTest" name="editContactTest" time="18.633"/>
  <testcase classname="tests.TC_004_EditContactTest" name="editcancel" time="17.971"/>
</testsuite> <!-- tests.TC_004_EditContactTest -->
