<?xml version="1.0" encoding="UTF-8"?>
<!-- Generated by org.testng.reporters.JUnitReportReporter -->
<testsuite hostname="ANBU" failures="0" tests="4" name="tests.TC_003_AddContactTest" time="27.822" errors="0" timestamp="2025-09-22T17:27:08 IST" skipped="0">
  <testcase classname="tests.TC_003_AddContactTest" name="addContactTest" time="7.799"/>
  <testcase classname="tests.TC_003_AddContactTest" name="addContactTest" time="6.810"/>
  <testcase classname="tests.TC_003_AddContactTest" name="addContactTest" time="6.573"/>
  <testcase classname="tests.TC_003_AddContactTest" name="addContactTest" time="6.640"/>
</testsuite> <!-- tests.TC_003_AddContactTest -->
