<?xml version="1.0" encoding="UTF-8"?>
<!-- Generated by org.testng.reporters.JUnitReportReporter -->
<testsuite hostname="ANBU" failures="0" tests="5" name="tests.TC_006_NavigationTest" time="32.137" errors="0" timestamp="2025-09-22T17:27:08 IST" skipped="0">
  <testcase classname="tests.TC_006_NavigationTest" name="NavigationTest" time="7.347"/>
  <testcase classname="tests.TC_006_NavigationTest" name="ActionButtonsVisibility" time="3.298"/>
  <testcase classname="tests.TC_006_NavigationTest" name="AddContactNavTest" time="10.250"/>
  <testcase classname="tests.TC_006_NavigationTest" name="Logotest" time="3.752"/>
  <testcase classname="tests.TC_006_NavigationTest" name="EditContactNavTest" time="7.490"/>
</testsuite> <!-- tests.TC_006_NavigationTest -->
