<?xml version="1.0" encoding="UTF-8"?>
<!-- Generated by org.testng.reporters.JUnitReportReporter -->
<testsuite hostname="GOPAL-PC" failures="0" tests="4" name="tests.LoginTest" time="25.730" errors="0" timestamp="2025-08-09T19:47:05 IST" skipped="0">
  <testcase classname="tests.LoginTest" name="LogInTest" time="4.840"/>
  <testcase classname="tests.LoginTest" name="LogInTest" time="5.025"/>
  <testcase classname="tests.LoginTest" name="LogInTest" time="10.839"/>
  <testcase classname="tests.LoginTest" name="LogInTest" time="5.026"/>
</testsuite> <!-- tests.LoginTest -->
