<?xml version="1.0" encoding="UTF-8"?>
<!-- Generated by org.testng.reporters.JUnitReportReporter -->
<testsuite hostname="GOPAL-PC" failures="0" tests="1" name="tests.TotalOfMutipleItemsTest" time="6.588" errors="0" timestamp="2025-08-09T19:47:05 IST" skipped="0">
  <testcase classname="tests.TotalOfMutipleItemsTest" name="CartfunctionTesting" time="6.588"/>
</testsuite> <!-- tests.TotalOfMutipleItemsTest -->
