<?xml version="1.0" encoding="UTF-8"?>
<!-- Generated by org.testng.reporters.JUnitReportReporter -->
<testsuite hostname="ANBU" failures="0" tests="5" name="tests.TC_006_NavigationTest" time="31.611" errors="0" timestamp="2025-09-22T17:21:58 IST" skipped="0">
  <testcase classname="tests.TC_006_NavigationTest" name="NavigationTest" time="7.404"/>
  <testcase classname="tests.TC_006_NavigationTest" name="ActionButtonsVisibility" time="3.555"/>
  <testcase classname="tests.TC_006_NavigationTest" name="AddContactNavTest" time="8.951"/>
  <testcase classname="tests.TC_006_NavigationTest" name="Logotest" time="5.433"/>
  <testcase classname="tests.TC_006_NavigationTest" name="EditContactNavTest" time="6.268"/>
</testsuite> <!-- tests.TC_006_NavigationTest -->
