<?xml version="1.0" encoding="UTF-8"?>
<!-- Generated by org.testng.reporters.JUnitReportReporter -->
<testsuite hostname="ANBU" failures="0" tests="4" name="tests.TC_001_LoginTest" time="21.697" errors="0" timestamp="2025-09-22T17:21:58 IST" skipped="0">
  <testcase classname="tests.TC_001_LoginTest" name="loginTest" time="3.988"/>
  <testcase classname="tests.TC_001_LoginTest" name="loginTest" time="10.571"/>
  <testcase classname="tests.TC_001_LoginTest" name="loginTest" time="3.448"/>
  <testcase classname="tests.TC_001_LoginTest" name="loginTest" time="3.690"/>
</testsuite> <!-- tests.TC_001_LoginTest -->
