<?xml version="1.0" encoding="UTF-8"?>
<!-- Generated by org.testng.reporters.JUnitReportReporter -->
<testsuite hostname="ANBU" failures="0" tests="4" name="tests.TC_002_SignUpTest" time="18.158" errors="0" timestamp="2025-09-22T17:21:58 IST" skipped="0">
  <testcase classname="tests.TC_002_SignUpTest" name="signUpTest" time="4.066"/>
  <testcase classname="tests.TC_002_SignUpTest" name="signUpTest" time="5.098"/>
  <testcase classname="tests.TC_002_SignUpTest" name="signUpTest" time="4.265"/>
  <testcase classname="tests.TC_002_SignUpTest" name="signUpTest" time="4.729"/>
</testsuite> <!-- tests.TC_002_SignUpTest -->
