<?xml version="1.0" encoding="UTF-8"?>
<!-- Generated by org.testng.reporters.JUnitReportReporter -->
<testsuite hostname="ANBU" failures="0" tests="3" name="tests.TC_004_EditContactTest" time="44.225" errors="0" timestamp="2025-09-22T17:21:58 IST" skipped="0">
  <testcase classname="tests.TC_004_EditContactTest" name="editlastname" time="11.835"/>
  <testcase classname="tests.TC_004_EditContactTest" name="editContactTest" time="17.904"/>
  <testcase classname="tests.TC_004_EditContactTest" name="editcancel" time="14.486"/>
</testsuite> <!-- tests.TC_004_EditContactTest -->
