<?xml version="1.0" encoding="UTF-8"?>
<!-- Generated by org.testng.reporters.JUnitReportReporter -->
<testsuite hostname="ANBU" failures="0" tests="4" name="tests.TC_003_AddContactTest" time="27.197" errors="0" timestamp="2025-09-22T17:21:58 IST" skipped="0">
  <testcase classname="tests.TC_003_AddContactTest" name="addContactTest" time="7.017"/>
  <testcase classname="tests.TC_003_AddContactTest" name="addContactTest" time="6.624"/>
  <testcase classname="tests.TC_003_AddContactTest" name="addContactTest" time="6.933"/>
  <testcase classname="tests.TC_003_AddContactTest" name="addContactTest" time="6.623"/>
</testsuite> <!-- tests.TC_003_AddContactTest -->
