<?xml version="1.0" encoding="UTF-8"?>
<!-- Generated by org.testng.reporters.JUnitReportReporter -->
<testsuite hostname="ANBU" failures="0" tests="4" name="tests.LoginTest" time="16.181" errors="0" timestamp="2025-08-14T04:57:09 IST" skipped="0">
  <testcase classname="tests.LoginTest" name="LogInTest" time="4.384"/>
  <testcase classname="tests.LoginTest" name="LogInTest" time="4.458"/>
  <testcase classname="tests.LoginTest" name="LogInTest" time="3.378"/>
  <testcase classname="tests.LoginTest" name="LogInTest" time="3.961"/>
</testsuite> <!-- tests.LoginTest -->
