<?xml version="1.0" encoding="UTF-8"?>
<!-- Generated by org.testng.reporters.JUnitReportReporter -->
<testsuite hostname="ANBU" failures="0" tests="1" name="tests.TC_002_CartFunctionTesting" time="4.880" errors="0" timestamp="2025-08-14T05:58:56 IST" skipped="0">
  <testcase classname="tests.TC_002_CartFunctionTesting" name="CartfunctionTesting" time="4.880"/>
</testsuite> <!-- tests.TC_002_CartFunctionTesting -->
