<?xml version="1.0" encoding="UTF-8"?>
<!-- Generated by org.testng.reporters.JUnitReportReporter -->
<testsuite hostname="GOPAL-PC" failures="0" tests="1" name="tests.PlacingOrder" time="13.999" errors="0" timestamp="2025-08-09T15:25:09 IST" skipped="0">
  <testcase classname="tests.PlacingOrder" name="CartfunctionTesting" time="13.999"/>
</testsuite> <!-- tests.PlacingOrder -->
