<?xml version="1.0" encoding="UTF-8"?>
<!-- Generated by org.testng.reporters.JUnitReportReporter -->
<testsuite hostname="GOPAL-PC" failures="0" tests="1" name="tests.RefTest" time="2.612" errors="0" timestamp="2025-08-09T06:20:31 IST" skipped="0">
  <testcase classname="tests.RefTest" name="userCanLoginAndAddProductToCart" time="2.612"/>
</testsuite> <!-- tests.RefTest -->
