<?xml version="1.0" encoding="UTF-8"?>
<!-- Generated by org.testng.reporters.JUnitReportReporter -->
<testsuite hostname="ANBU" failures="0" tests="4" name="tests.TC_001_LoginTest" time="16.683" errors="0" timestamp="2025-08-14T05:58:56 IST" skipped="0">
  <testcase classname="tests.TC_001_LoginTest" name="LogInTest" time="5.409"/>
  <testcase classname="tests.TC_001_LoginTest" name="LogInTest" time="3.452"/>
  <testcase classname="tests.TC_001_LoginTest" name="LogInTest" time="3.898"/>
  <testcase classname="tests.TC_001_LoginTest" name="LogInTest" time="3.924"/>
</testsuite> <!-- tests.TC_001_LoginTest -->
