<?xml version="1.0" encoding="UTF-8"?>
<!-- Generated by org.testng.reporters.JUnitReportReporter -->
<testsuite hostname="ANBU" failures="0" tests="2" name="tests.PlacingOrderTest" time="32.065" errors="0" timestamp="2025-08-14T01:55:50 IST" skipped="0">
  <testcase classname="tests.PlacingOrderTest" name="PlaceorderTest" time="16.400"/>
  <testcase classname="tests.PlacingOrderTest" name="PlaceorderTest" time="15.665"/>
</testsuite> <!-- tests.PlacingOrderTest -->
