<?xml version="1.0" encoding="UTF-8"?>
<!-- Generated by org.testng.reporters.JUnitReportReporter -->
<testsuite hostname="ANBU" failures="0" tests="1" name="tests.LogoutTest" time="8.926" errors="0" timestamp="2025-08-14T01:55:50 IST" skipped="0">
  <testcase classname="tests.LogoutTest" name="Logouttest" time="8.926"/>
</testsuite> <!-- tests.LogoutTest -->
