<?xml version="1.0" encoding="UTF-8"?>
<!-- Generated by org.testng.reporters.JUnitReportReporter -->
<testsuite hostname="ANBU" failures="0" tests="1" name="tests.AddCartTest" time="15.151" errors="0" timestamp="2025-08-14T01:55:50 IST" skipped="0">
  <testcase classname="tests.AddCartTest" name="AddcartTest" time="15.151"/>
</testsuite> <!-- tests.AddCartTest -->
